app/manifest-merger-release-report.txt
-- Merging decision tree log ---
manifest
ADDED from AndroidManifest.xml:1:1
	xmlns:android
		ADDED from AndroidManifest.xml:1:11
	package
		ADDED from AndroidManifest.xml:2:11
		INJECTED from AndroidManifest.xml:0:0
		INJECTED from AndroidManifest.xml:0:0
	android:versionName
		INJECTED from AndroidManifest.xml:0:0
		INJECTED from AndroidManifest.xml:0:0
	android:versionCode
		INJECTED from AndroidManifest.xml:0:0
		INJECTED from AndroidManifest.xml:0:0
application
ADDED from AndroidManifest.xml:4:5
MERGED from com.android.support:appcompat-v7:21.0.0:16:5
MERGED from com.android.support:support-v4:21.0.0:16:5
MERGED from com.google.android.gms:play-services:6.1.71:16:5
MERGED from com.android.support:support-v4:21.0.0:16:5
MERGED from com.android.support:support-v4:21.0.0:16:5
	android:label
		ADDED from AndroidManifest.xml:6:9
	android:allowBackup
		ADDED from AndroidManifest.xml:5:9
	android:icon
		ADDED from AndroidManifest.xml:7:9
	android:theme
		ADDED from AndroidManifest.xml:8:9
meta-data#com.google.android.gms.version
ADDED from AndroidManifest.xml:9:9
	android:name
		ADDED from AndroidManifest.xml:10:13
	android:value
		ADDED from AndroidManifest.xml:11:13
activity#com.zachcotter.bananagrams.BananagramsMenu
ADDED from AndroidManifest.xml:13:9
	android:name
		ADDED from AndroidManifest.xml:14:13
intent-filter#android.intent.action.MAIN+android.intent.category.LAUNCHER
ADDED from AndroidManifest.xml:15:13
action#android.intent.action.MAIN
ADDED from AndroidManifest.xml:16:17
	android:name
		ADDED from AndroidManifest.xml:16:25
category#android.intent.category.LAUNCHER
ADDED from AndroidManifest.xml:17:17
	android:name
		ADDED from AndroidManifest.xml:17:27
activity#com.zachcotter.bananagrams.Dictionary
ADDED from AndroidManifest.xml:21:9
	android:screenOrientation
		ADDED from AndroidManifest.xml:24:13
	android:label
		ADDED from AndroidManifest.xml:23:13
	android:name
		ADDED from AndroidManifest.xml:22:13
activity#com.zachcotter.bananagrams.SinglePlayerBananagrams
ADDED from AndroidManifest.xml:25:9
	android:screenOrientation
		ADDED from AndroidManifest.xml:28:13
	android:label
		ADDED from AndroidManifest.xml:27:13
	android:name
		ADDED from AndroidManifest.xml:26:13
activity#com.zachcotter.bananagrams.BananagramsPauseMenu
ADDED from AndroidManifest.xml:29:9
	android:label
		ADDED from AndroidManifest.xml:31:13
	android:name
		ADDED from AndroidManifest.xml:30:13
activity#com.zachcotter.bananagrams.Communication
ADDED from AndroidManifest.xml:32:9
	android:name
		ADDED from AndroidManifest.xml:32:19
activity#com.zachcotter.bananagrams.HighScoreTable
ADDED from AndroidManifest.xml:33:9
	android:label
		ADDED from AndroidManifest.xml:35:13
	android:name
		ADDED from AndroidManifest.xml:34:13
activity#com.zachcotter.bananagrams.ChoosePlayer
ADDED from AndroidManifest.xml:36:9
	android:label
		ADDED from AndroidManifest.xml:38:13
	android:name
		ADDED from AndroidManifest.xml:37:13
activity#com.zachcotter.bananagrams.POCMoveList
ADDED from AndroidManifest.xml:39:9
	android:name
		ADDED from AndroidManifest.xml:39:19
activity#com.zachcotter.bananagrams.MultiPlayerBananagrams
ADDED from AndroidManifest.xml:40:9
	android:screenOrientation
		ADDED from AndroidManifest.xml:44:13
	android:label
		ADDED from AndroidManifest.xml:42:13
	android:name
		ADDED from AndroidManifest.xml:41:13
	android:launchMode
		ADDED from AndroidManifest.xml:43:13
service#com.zachcotter.bananagrams.GCMIntentService
ADDED from AndroidManifest.xml:46:9
	android:name
		ADDED from AndroidManifest.xml:46:18
receiver#com.zachcotter.bananagrams.GcmBroadcastReceiver
ADDED from AndroidManifest.xml:48:9
	android:permission
		ADDED from AndroidManifest.xml:50:13
	android:name
		ADDED from AndroidManifest.xml:49:13
intent-filter#com.google.android.c2dm.intent.RECEIVE+com.google.android.c2dm.intent.REGISTRATION+com.zachcotter.bananagrams
ADDED from AndroidManifest.xml:51:13
action#com.google.android.c2dm.intent.RECEIVE
ADDED from AndroidManifest.xml:52:17
	android:name
		ADDED from AndroidManifest.xml:52:25
action#com.google.android.c2dm.intent.REGISTRATION
ADDED from AndroidManifest.xml:53:17
	android:name
		ADDED from AndroidManifest.xml:53:25
category#com.zachcotter.bananagrams
ADDED from AndroidManifest.xml:55:17
	android:name
		ADDED from AndroidManifest.xml:55:27
uses-permission#android.permission.READ_PHONE_STATE
ADDED from AndroidManifest.xml:61:5
	android:name
		ADDED from AndroidManifest.xml:61:22
uses-permission#android.permission.VIBRATE
ADDED from AndroidManifest.xml:62:5
	android:name
		ADDED from AndroidManifest.xml:62:22
uses-permission#android.permission.INTERNET
ADDED from AndroidManifest.xml:63:5
	android:name
		ADDED from AndroidManifest.xml:63:22
uses-permission#android.permission.ACCESS_NETWORK_STATE
ADDED from AndroidManifest.xml:64:5
	android:name
		ADDED from AndroidManifest.xml:64:22
uses-permission#com.google.android.c2dm.permission.RECEIVE
ADDED from AndroidManifest.xml:65:5
	android:name
		ADDED from AndroidManifest.xml:65:22
uses-permission#android.permission.GET_ACCOUNTS
ADDED from AndroidManifest.xml:66:5
	android:name
		ADDED from AndroidManifest.xml:66:22
uses-permission#android.permission.WAKE_LOCK
ADDED from AndroidManifest.xml:67:5
	android:name
		ADDED from AndroidManifest.xml:67:22
permission#com.zachcotter.bananagrams.permission.C2D_MESSAGE
ADDED from AndroidManifest.xml:69:5
	android:protectionLevel
		ADDED from AndroidManifest.xml:71:9
	android:name
		ADDED from AndroidManifest.xml:70:9
uses-permission#com.zachcotter.bananagrams.permission.C2D_MESSAGE
ADDED from AndroidManifest.xml:72:5
	android:name
		ADDED from AndroidManifest.xml:72:22
uses-sdk
INJECTED from AndroidManifest.xml:0:0 reason: use-sdk injection requested
MERGED from com.android.support:appcompat-v7:21.0.0:15:5
MERGED from com.android.support:support-v4:21.0.0:15:5
MERGED from com.google.android.gms:play-services:6.1.71:15:5
MERGED from com.android.support:support-v4:21.0.0:15:5
MERGED from com.android.support:support-v4:21.0.0:15:5
	android:targetSdkVersion
		INJECTED from AndroidManifest.xml:0:0
		INJECTED from AndroidManifest.xml:0:0
	android:minSdkVersion
		INJECTED from AndroidManifest.xml:0:0
		INJECTED from AndroidManifest.xml:0:0